================================================================================
LLaVA-Rad ATTENTION ANALYSIS REPORT
================================================================================
Generated: 2025-08-26 16:32:29

ANALYSIS SCOPE
----------------------------------------
Total Comparisons: 500

Distribution by Answer Change Type:
  yes→to→no: 31 (6.2%)
  no→to→yes: 30 (6.0%)
  yes→to→yes: 379 (75.8%)
  no→to→no: 60 (12.0%)

DETAILED STATISTICS BY CHANGE TYPE
----------------------------------------

YES TO NO:
  Count: 31
  JS Divergence: 0.0374 ± 0.0276
    Median: 0.0578
    Range: [0.0000, 0.0689]
  Correlation: 0.8283 ± 0.1580
  Cosine Similarity: 0.9902 ± 0.0087

NO TO YES:
  Count: 30
  JS Divergence: 0.0453 ± 0.0245
    Median: 0.0608
    Range: [0.0060, 0.0671]
  Correlation: 0.7742 ± 0.1460
  Cosine Similarity: 0.9882 ± 0.0077

YES TO YES:
  Count: 379
  JS Divergence: 0.0356 ± 0.0272
    Median: 0.0568
    Range: [0.0000, 0.0717]
  Correlation: 0.8291 ± 0.1637
  Cosine Similarity: 0.9908 ± 0.0086

NO TO NO:
  Count: 60
  JS Divergence: 0.0316 ± 0.0277
    Median: 0.0110
    Range: [0.0000, 0.0671]
  Correlation: 0.8514 ± 0.1561
  Cosine Similarity: 0.9920 ± 0.0085

================================================================================
